<?xml version="1.0" encoding="UTF-8"?>
<!-- Generated by org.testng.reporters.JUnitReportReporter -->
<testsuite hostname="LAPTOP-NC0BN7UC" failures="0" tests="1" name="test.Amrita" time="0.009" errors="0" timestamp="2023-12-29T21:46:33 IST" skipped="0">
  <testcase classname="test.Amrita" name="display" time="0.009"/>
</testsuite> <!-- test.Amrita -->
